<?xml version="1.0" encoding="UTF-8"?>
<testsuites tests="5" failures="0" disabled="0" errors="0" time="83.829" timestamp="2025-08-15T17:47:07.318" name="AllTests">
  <testsuite name="StressTest" tests="5" failures="0" disabled="0" skipped="0" errors="0" time="83.829" timestamp="2025-08-15T17:47:07.318">
    <testcase name="ExtremeLoadTest" file="StressTest.cpp" line="149" status="run" result="completed" time="12.212" timestamp="2025-08-15T17:47:07.318" classname="StressTest" />
    <testcase name="MemoryPressureTest" file="StressTest.cpp" line="271" status="run" result="completed" time="8.01" timestamp="2025-08-15T17:47:19.531" classname="StressTest" />
    <testcase name="CPUPressureTest" file="StressTest.cpp" line="355" status="run" result="completed" time="3.233" timestamp="2025-08-15T17:47:27.542" classname="StressTest" />
    <testcase name="LongRunningStabilityTest" file="StressTest.cpp" line="420" status="run" result="completed" time="60.049" timestamp="2025-08-15T17:47:30.776" classname="StressTest" />
    <testcase name="ResourceExhaustionTest" file="StressTest.cpp" line="550" status="run" result="completed" time="0.322" timestamp="2025-08-15T17:48:30.826" classname="StressTest" />
  </testsuite>
</testsuites>
